<?xml version="1.0" encoding="UTF-8"?>
<!-- Generated by org.testng.reporters.JUnitXMLReporter -->
<testsuite hostname="DESKTOP-S8UUUM9" ignored="0" name="Default test(failed)" tests="1" failures="0" timestamp="2020-12-27T18:23:05 EST" time="4.903" errors="0">
  <testcase name="@BeforeMethod beforeMethod" time="4.806" classname="base.TestBase">
    <failure type="org.openqa.selenium.SessionNotCreatedException" message="session not created: This version of ChromeDriver only supports Chrome version 85
Build info: version: &amp;apos;3.141.59&amp;apos;, revision: &amp;apos;e82be7d358&amp;apos;, time: &amp;apos;2018-11-14T08:17:03&amp;apos;
System info: host: &amp;apos;DESKTOP-S8UUUM9&amp;apos;, ip: &amp;apos;192.168.0.11&amp;apos;, os.name: &amp;apos;Windows 10&amp;apos;, os.arch: &amp;apos;amd64&amp;apos;, os.version: &amp;apos;10.0&amp;apos;, java.version: &amp;apos;1.8.0_241&amp;apos;
Driver info: driver.version: ChromeDriver
remote stacktrace: Backtrace:
	Ordinal0 [0x003AD383+3134339]
	Ordinal0 [0x0029A171+2007409]
	Ordinal0 [0x0013AEE8+569064]
	Ordinal0 [0x000C139F+70559]
	Ordinal0 [0x000BCC63+52323]
	Ordinal0 [0x000E0DFC+200188]
	Ordinal0 [0x000E0C1D+199709]
	Ordinal0 [0x000DEB0B+191243]
	Ordinal0 [0x000C2E77+77431]
	Ordinal0 [0x000C3E3E+81470]
	Ordinal0 [0x000C3DC9+81353]
	Ordinal0 [0x002B0CD9+2100441]
	GetHandleVerifier [0x0051B75A+1396954]
	GetHandleVerifier [0x0051B3D9+1396057]
	GetHandleVerifier [0x00527126+1444518]
	GetHandleVerifier [0x0051BCE8+1398376]
	Ordinal0 [0x002A7F51+2064209]
	Ordinal0 [0x002B22EB+2106091]
	Ordinal0 [0x002B2411+2106385]
	Ordinal0 [0x002C49C4+2181572]
	BaseThreadInitThunk [0x77866359+25]
	RtlGetAppContainerNamedObjectPath [0x77B28944+228]
	RtlGetAppContainerNamedObjectPath [0x77B28914+180]
	(No symbol) [0x00000000]
">
      <![CDATA[org.openqa.selenium.SessionNotCreatedException: session not created: This version of ChromeDriver only supports Chrome version 85
Build info: version: '3.141.59', revision: 'e82be7d358', time: '2018-11-14T08:17:03'
System info: host: 'DESKTOP-S8UUUM9', ip: '192.168.0.11', os.name: 'Windows 10', os.arch: 'amd64', os.version: '10.0', java.version: '1.8.0_241'
Driver info: driver.version: ChromeDriver
remote stacktrace: Backtrace:
Ordinal0 [0x003AD383+3134339]
Ordinal0 [0x0029A171+2007409]
Ordinal0 [0x0013AEE8+569064]
Ordinal0 [0x000C139F+70559]
Ordinal0 [0x000BCC63+52323]
Ordinal0 [0x000E0DFC+200188]
Ordinal0 [0x000E0C1D+199709]
Ordinal0 [0x000DEB0B+191243]
Ordinal0 [0x000C2E77+77431]
Ordinal0 [0x000C3E3E+81470]
Ordinal0 [0x000C3DC9+81353]
Ordinal0 [0x002B0CD9+2100441]
GetHandleVerifier [0x0051B75A+1396954]
GetHandleVerifier [0x0051B3D9+1396057]
GetHandleVerifier [0x00527126+1444518]
GetHandleVerifier [0x0051BCE8+1398376]
Ordinal0 [0x002A7F51+2064209]
Ordinal0 [0x002B22EB+2106091]
Ordinal0 [0x002B2411+2106385]
Ordinal0 [0x002C49C4+2181572]
BaseThreadInitThunk [0x77866359+25]
RtlGetAppContainerNamedObjectPath [0x77B28944+228]
RtlGetAppContainerNamedObjectPath [0x77B28914+180]
(No symbol) [0x00000000]

at org.openqa.selenium.remote.W3CHandshakeResponse.lambda$errorHandler$0(W3CHandshakeResponse.java:62)
at org.openqa.selenium.remote.HandshakeResponse.lambda$getResponseFunction$0(HandshakeResponse.java:30)
at org.openqa.selenium.remote.ProtocolHandshake.lambda$createSession$0(ProtocolHandshake.java:126)
at java.util.stream.ReferencePipeline$3$1.accept(Unknown Source)
at java.util.Spliterators$ArraySpliterator.tryAdvance(Unknown Source)
at java.util.stream.ReferencePipeline.forEachWithCancel(Unknown Source)
at java.util.stream.AbstractPipeline.copyIntoWithCancel(Unknown Source)
at java.util.stream.AbstractPipeline.copyInto(Unknown Source)
at java.util.stream.AbstractPipeline.wrapAndCopyInto(Unknown Source)
at java.util.stream.FindOps$FindOp.evaluateSequential(Unknown Source)
at java.util.stream.AbstractPipeline.evaluate(Unknown Source)
at java.util.stream.ReferencePipeline.findFirst(Unknown Source)
at org.openqa.selenium.remote.ProtocolHandshake.createSession(ProtocolHandshake.java:128)
at org.openqa.selenium.remote.ProtocolHandshake.createSession(ProtocolHandshake.java:74)
at org.openqa.selenium.remote.HttpCommandExecutor.execute(HttpCommandExecutor.java:136)
at org.openqa.selenium.remote.service.DriverCommandExecutor.execute(DriverCommandExecutor.java:83)
at org.openqa.selenium.remote.RemoteWebDriver.execute(RemoteWebDriver.java:552)
at org.openqa.selenium.remote.RemoteWebDriver.startSession(RemoteWebDriver.java:213)
at org.openqa.selenium.remote.RemoteWebDriver.<init>(RemoteWebDriver.java:131)
at org.openqa.selenium.chrome.ChromeDriver.<init>(ChromeDriver.java:181)
at org.openqa.selenium.chrome.ChromeDriver.<init>(ChromeDriver.java:168)
at org.openqa.selenium.chrome.ChromeDriver.<init>(ChromeDriver.java:123)
at base.TestBase.beforeMethod(TestBase.java:37)
at java.util.ArrayList.forEach(Unknown Source)
... Removed 35 stack frames]]>
    </failure>
  </testcase> <!-- @BeforeMethod beforeMethod -->
  <testcase name="@AfterMethod afterMethod" time="-1.609111385782E9" classname="base.TestBase">
    <skipped/>
  </testcase> <!-- @AfterMethod afterMethod -->
  <testcase name="loginTest" time="0.0" classname="test.loginPageTest">
    <skipped/>
  </testcase> <!-- loginTest -->
</testsuite> <!-- Default test(failed) -->
